<?xml version="1.0" encoding="UTF-8"?>
<testng-results skipped="0" failed="0" total="2" passed="2">
  <reporter-output>
  </reporter-output>
  <suite name="Default suite" duration-ms="329407" started-at="2018-09-26T08:23:39Z" finished-at="2018-09-26T08:29:08Z">
    <groups>
    </groups>
    <test name="Default test" duration-ms="329407" started-at="2018-09-26T08:23:39Z" finished-at="2018-09-26T08:29:08Z">
      <class name="CitoolAutomationTesting.AttendanceReport">
        <test-method status="PASS" signature="startReport()[pri:0, instance:CitoolAutomationTesting.AttendanceReport@1d16f93d]" name="startReport" is-config="true" duration-ms="287" started-at="2018-09-26T12:23:39Z" finished-at="2018-09-26T12:23:39Z">
          <reporter-output>
          </reporter-output>
        </test-method> <!-- startReport -->
        <test-method status="PASS" signature="failTest()[pri:0, instance:CitoolAutomationTesting.AttendanceReport@1d16f93d]" name="failTest" duration-ms="327996" started-at="2018-09-26T12:23:39Z" finished-at="2018-09-26T12:29:07Z">
          <reporter-output>
          </reporter-output>
        </test-method> <!-- failTest -->
        <test-method status="PASS" signature="getResult(org.testng.ITestResult)[pri:0, instance:CitoolAutomationTesting.AttendanceReport@1d16f93d]" name="getResult" is-config="true" duration-ms="3" started-at="2018-09-26T12:29:07Z" finished-at="2018-09-26T12:29:07Z">
          <params>
            <param index="0">
              <value>
                <![CDATA[[TestResult name=failTest status=SUCCESS method=AttendanceReport.failTest()[pri:0, instance:CitoolAutomationTesting.AttendanceReport@1d16f93d] output={null}]]]>
              </value>
            </param>
          </params>
          <reporter-output>
          </reporter-output>
        </test-method> <!-- getResult -->
        <test-method status="PASS" signature="passTest()[pri:0, instance:CitoolAutomationTesting.AttendanceReport@1d16f93d]" name="passTest" duration-ms="3" started-at="2018-09-26T12:29:07Z" finished-at="2018-09-26T12:29:07Z">
          <reporter-output>
          </reporter-output>
        </test-method> <!-- passTest -->
        <test-method status="PASS" signature="getResult(org.testng.ITestResult)[pri:0, instance:CitoolAutomationTesting.AttendanceReport@1d16f93d]" name="getResult" is-config="true" duration-ms="1" started-at="2018-09-26T12:29:07Z" finished-at="2018-09-26T12:29:07Z">
          <params>
            <param index="0">
              <value>
                <![CDATA[[TestResult name=passTest status=SUCCESS method=AttendanceReport.passTest()[pri:0, instance:CitoolAutomationTesting.AttendanceReport@1d16f93d] output={null}]]]>
              </value>
            </param>
          </params>
          <reporter-output>
          </reporter-output>
        </test-method> <!-- getResult -->
        <test-method status="PASS" signature="endReport()[pri:0, instance:CitoolAutomationTesting.AttendanceReport@1d16f93d]" name="endReport" is-config="true" duration-ms="1102" started-at="2018-09-26T12:29:07Z" finished-at="2018-09-26T12:29:08Z">
          <reporter-output>
          </reporter-output>
        </test-method> <!-- endReport -->
      </class> <!-- CitoolAutomationTesting.AttendanceReport -->
    </test> <!-- Default test -->
  </suite> <!-- Default suite -->
</testng-results>
