<?xml version="1.0" encoding="UTF-8"?>
<testng-results skipped="0" failed="1" total="2" passed="1">
  <reporter-output>
  </reporter-output>
  <suite name="Default suite" duration-ms="114583" started-at="2018-07-03T09:06:36Z" finished-at="2018-07-03T09:08:31Z">
    <groups>
    </groups>
    <test name="Default test" duration-ms="114583" started-at="2018-07-03T09:06:36Z" finished-at="2018-07-03T09:08:31Z">
      <class name="webAutoTest.SaudiArabicCODClass">
        <test-method status="PASS" signature="startReport()[pri:0, instance:webAutoTest.SaudiArabicCODClass@78c03f1f]" name="startReport" is-config="true" duration-ms="262" started-at="2018-07-03T13:06:36Z" finished-at="2018-07-03T13:06:36Z">
          <reporter-output>
          </reporter-output>
        </test-method> <!-- startReport -->
        <test-method status="FAIL" signature="failTest()[pri:0, instance:webAutoTest.SaudiArabicCODClass@78c03f1f]" name="failTest" duration-ms="97778" started-at="2018-07-03T13:06:36Z" finished-at="2018-07-03T13:08:14Z">
          <exception class="java.lang.AssertionError">
            <message>
              <![CDATA[expected [verifying English Main Stores are up] but found [fail]]]>
            </message>
            <full-stacktrace>
              <![CDATA[java.lang.AssertionError: expected [verifying English Main Stores are up] but found [fail]
	at org.testng.Assert.fail(Assert.java:94)
	at org.testng.Assert.failNotEquals(Assert.java:513)
	at org.testng.Assert.assertEqualsImpl(Assert.java:135)
	at org.testng.Assert.assertEquals(Assert.java:116)
	at org.testng.Assert.assertEquals(Assert.java:190)
	at org.testng.Assert.assertEquals(Assert.java:200)
	at webAutoTest.SaudiArabicCODClass.failTest(SaudiArabicCODClass.java:82)
	at sun.reflect.NativeMethodAccessorImpl.invoke0(Native Method)
	at sun.reflect.NativeMethodAccessorImpl.invoke(NativeMethodAccessorImpl.java:62)
	at sun.reflect.DelegatingMethodAccessorImpl.invoke(DelegatingMethodAccessorImpl.java:43)
	at java.lang.reflect.Method.invoke(Method.java:498)
	at org.testng.internal.MethodInvocationHelper.invokeMethod(MethodInvocationHelper.java:86)
	at org.testng.internal.Invoker.invokeMethod(Invoker.java:643)
	at org.testng.internal.Invoker.invokeTestMethod(Invoker.java:820)
	at org.testng.internal.Invoker.invokeTestMethods(Invoker.java:1128)
	at org.testng.internal.TestMethodWorker.invokeTestMethods(TestMethodWorker.java:129)
	at org.testng.internal.TestMethodWorker.run(TestMethodWorker.java:112)
	at org.testng.TestRunner.privateRun(TestRunner.java:782)
	at org.testng.TestRunner.run(TestRunner.java:632)
	at org.testng.SuiteRunner.runTest(SuiteRunner.java:366)
	at org.testng.SuiteRunner.runSequentially(SuiteRunner.java:361)
	at org.testng.SuiteRunner.privateRun(SuiteRunner.java:319)
	at org.testng.SuiteRunner.run(SuiteRunner.java:268)
	at org.testng.SuiteRunnerWorker.runSuite(SuiteRunnerWorker.java:52)
	at org.testng.SuiteRunnerWorker.run(SuiteRunnerWorker.java:86)
	at org.testng.TestNG.runSuitesSequentially(TestNG.java:1244)
	at org.testng.TestNG.runSuitesLocally(TestNG.java:1169)
	at org.testng.TestNG.run(TestNG.java:1064)
	at org.testng.remote.AbstractRemoteTestNG.run(AbstractRemoteTestNG.java:114)
	at org.testng.remote.RemoteTestNG.initAndRun(RemoteTestNG.java:251)
	at org.testng.remote.RemoteTestNG.main(RemoteTestNG.java:77)
]]>
            </full-stacktrace>
          </exception> <!-- java.lang.AssertionError -->
          <reporter-output>
          </reporter-output>
        </test-method> <!-- failTest -->
        <test-method status="PASS" signature="getResult(org.testng.ITestResult)[pri:0, instance:webAutoTest.SaudiArabicCODClass@78c03f1f]" name="getResult" is-config="true" duration-ms="15476" started-at="2018-07-03T13:08:14Z" finished-at="2018-07-03T13:08:30Z">
          <params>
            <param index="0">
              <value>
                <![CDATA[[TestResult name=failTest status=FAILURE method=SaudiArabicCODClass.failTest()[pri:0, instance:webAutoTest.SaudiArabicCODClass@78c03f1f] output={null}]]]>
              </value>
            </param>
          </params>
          <reporter-output>
          </reporter-output>
        </test-method> <!-- getResult -->
        <test-method status="PASS" signature="getResult(org.testng.ITestResult)[pri:0, instance:webAutoTest.SaudiArabicCODClass@78c03f1f]" name="getResult" is-config="true" duration-ms="0" started-at="2018-07-03T13:08:30Z" finished-at="2018-07-03T13:08:30Z">
          <params>
            <param index="0">
              <value>
                <![CDATA[[TestResult name=passTest status=SUCCESS method=SaudiArabicCODClass.passTest()[pri:0, instance:webAutoTest.SaudiArabicCODClass@78c03f1f] output={null}]]]>
              </value>
            </param>
          </params>
          <reporter-output>
          </reporter-output>
        </test-method> <!-- getResult -->
        <test-method status="PASS" signature="passTest()[pri:0, instance:webAutoTest.SaudiArabicCODClass@78c03f1f]" name="passTest" duration-ms="0" started-at="2018-07-03T13:08:30Z" finished-at="2018-07-03T13:08:30Z">
          <reporter-output>
          </reporter-output>
        </test-method> <!-- passTest -->
        <test-method status="PASS" signature="endReport()[pri:0, instance:webAutoTest.SaudiArabicCODClass@78c03f1f]" name="endReport" is-config="true" duration-ms="1042" started-at="2018-07-03T13:08:30Z" finished-at="2018-07-03T13:08:31Z">
          <reporter-output>
          </reporter-output>
        </test-method> <!-- endReport -->
      </class> <!-- webAutoTest.SaudiArabicCODClass -->
    </test> <!-- Default test -->
  </suite> <!-- Default suite -->
</testng-results>
